2024=06=14 16:42:50 INFO  CommonFunctions:158 - Application Test Execution Begins
2024=06=14 16:42:50 INFO  CommonFunctions:160 - Loading the Property File
2024=06=14 16:42:50 INFO  CommonFunctions:97 - Into the Load Property File functions
2024=06=14 16:42:50 INFO  CommonFunctions:98 - Reading Load Property File 
2024=06=14 16:44:26 INFO  CommonFunctions:158 - Application Test Execution Begins
2024=06=14 16:44:26 INFO  CommonFunctions:160 - Loading the Property File
2024=06=14 16:44:26 INFO  CommonFunctions:97 - Into the Load Property File functions
2024=06=14 16:44:26 INFO  CommonFunctions:98 - Reading Load Property File 
2024=06=14 16:44:58 INFO  CommonFunctions:158 - Application Test Execution Begins
2024=06=14 16:44:58 INFO  CommonFunctions:160 - Loading the Property File
2024=06=14 16:44:58 INFO  CommonFunctions:97 - Into the Load Property File functions
2024=06=14 16:44:58 INFO  CommonFunctions:98 - Reading Load Property File 
2024=06=14 16:45:56 INFO  CommonFunctions:158 - Application Test Execution Begins
2024=06=14 16:45:56 INFO  CommonFunctions:160 - Loading the Property File
2024=06=14 16:45:56 INFO  CommonFunctions:97 - Into the Load Property File functions
2024=06=14 16:45:56 INFO  CommonFunctions:98 - Reading Load Property File 
2024=06=14 16:46:51 INFO  CommonFunctions:158 - Application Test Execution Begins
2024=06=14 16:46:51 INFO  CommonFunctions:160 - Loading the Property File
2024=06=14 16:46:51 INFO  CommonFunctions:97 - Into the Load Property File functions
2024=06=14 16:46:51 INFO  CommonFunctions:98 - Reading Load Property File 
2024=06=14 16:47:29 INFO  CommonFunctions:160 - Loading the Property File
2024=06=14 16:47:29 INFO  CommonFunctions:97 - Into the Load Property File functions
2024=06=14 16:47:29 INFO  CommonFunctions:98 - Reading Load Property File 
2024=06=14 16:47:29 INFO  CommonFunctions:100 - Read Load Property File
2024=06=14 16:47:29 INFO  CommonFunctions:162 - Property File loaded successfully
2024=06=14 16:47:29 INFO  CommonFunctions:166 - Browser is :chrome
2024=06=14 16:47:29 INFO  CommonFunctions:167 - URL is :http://192.168.2.165/dimensiontest/frm_login.aspx
2024=06=14 16:47:29 INFO  CommonFunctions:170 - Launching chrome
2024=06=14 16:47:33 INFO  CommonFunctions:179 - Navigating to Dimension
2024=06=14 16:47:34 INFO  LoginToDimension:25 - Login Function With Valid Credentials
2024=06=14 16:47:34 INFO  CommonFunctions:114 - Logging to the Dimension Application
2024=06=14 16:47:35 INFO  WorkcenterOrder:22 - Navigated to Workcenter Order
2024=06=14 16:47:46 INFO  WorkcenterOrder:30 - Workcenter objects initialized
2024=06=14 16:47:46 INFO  WorkcenterOrder:35 - Order number entered and order details are loaded
2024=06=14 16:47:46 INFO  OrderDetails:23 - Navigated to Order Details Screen
2024=06=14 16:47:50 INFO  OrderDetails:33 - Moved to Process Actions
2024=06=14 16:47:50 INFO  SubConBooking:89 - Navigated to SubContractor Booking Screen
2024=06=14 16:47:51 INFO  SubConBooking:35 - Entering Remarks
2024=06=14 16:47:51 INFO  CommonFunctions:187 - Logging out from the Dimension
2024=06=14 16:47:59 INFO  CommonFunctions:127 - Navigated to Setting Link
2024=06=14 16:47:59 INFO  CommonFunctions:129 - Logout button clicked
2024=06=14 16:47:59 INFO  CommonFunctions:189 - Execution done and closing the browser
2024=06=14 17:00:51 INFO  CommonFunctions:160 - Loading the Property File
2024=06=14 17:00:51 INFO  CommonFunctions:97 - Into the Load Property File functions
2024=06=14 17:00:51 INFO  CommonFunctions:98 - Reading Load Property File 
2024=06=14 17:00:51 INFO  CommonFunctions:100 - Read Load Property File
2024=06=14 17:00:51 INFO  CommonFunctions:162 - Property File loaded successfully
2024=06=14 17:00:51 INFO  CommonFunctions:166 - Browser is :chrome
2024=06=14 17:00:51 INFO  CommonFunctions:167 - URL is :http://192.168.2.165/dimensiontest/frm_login.aspx
2024=06=14 17:00:51 INFO  CommonFunctions:170 - Launching chrome
2024=06=14 17:00:53 INFO  CommonFunctions:179 - Navigating to Dimension
2024=06=14 17:00:55 INFO  LoginToDimension:25 - Login Function With Valid Credentials
2024=06=14 17:00:55 INFO  CommonFunctions:114 - Logging to the Dimension Application
2024=06=14 17:00:55 INFO  WorkcenterOrder:22 - Navigated to Workcenter Order
2024=06=14 17:01:03 INFO  WorkcenterOrder:30 - Workcenter objects initialized
2024=06=14 17:01:04 INFO  WorkcenterOrder:35 - Order number entered and order details are loaded
2024=06=14 17:01:04 INFO  OrderDetails:23 - Navigated to Order Details Screen
2024=06=14 17:01:07 INFO  OrderDetails:33 - Moved to Process Actions
2024=06=14 17:01:07 INFO  SubConBooking:89 - Navigated to SubContractor Booking Screen
2024=06=14 17:01:08 INFO  SubConBooking:35 - Entering Remarks
2024=06=14 17:01:08 INFO  SubConBooking:40 - Remarks entered successfully
2024=06=14 17:01:09 INFO  SubConBooking:43 - Add Subcontrator Booking button Clicked
2024=06=14 17:01:09 INFO  SubConBooking:49 - Subcontrator number entered
2024=06=14 17:01:14 INFO  SubConBooking:55 - Knitting of panel Checkbox clicked
2024=06=14 17:01:14 INFO  SubConBooking:62 - SubCon booking Saved successfully
2024=06=14 17:01:19 INFO  SubConBooking:75 - Subcontractor Booking number 
2024=06=14 17:01:20 INFO  SubConBooking:99 - SubContractor Booking No: 60149
2024=06=14 17:01:20 INFO  SubConBooking:101 - SubContractor Booked Successfully and verified in DB
2024=06=14 17:01:20 INFO  CommonFunctions:187 - Logging out from the Dimension
2024=06=14 17:01:20 INFO  CommonFunctions:127 - Navigated to Setting Link
2024=06=14 17:01:20 INFO  CommonFunctions:129 - Logout button clicked
2024=06=14 17:01:20 INFO  CommonFunctions:189 - Execution done and closing the browser
2024=06=14 17:11:08 INFO  CommonFunctions:160 - Loading the Property File
2024=06=14 17:11:08 INFO  CommonFunctions:97 - Into the Load Property File functions
2024=06=14 17:11:08 INFO  CommonFunctions:98 - Reading Load Property File 
2024=06=14 17:11:08 INFO  CommonFunctions:100 - Read Load Property File
2024=06=14 17:11:08 INFO  CommonFunctions:162 - Property File loaded successfully
2024=06=14 17:11:08 INFO  CommonFunctions:166 - Browser is :chrome
2024=06=14 17:11:08 INFO  CommonFunctions:167 - URL is :http://192.168.2.165/dimensiontest/frm_login.aspx
2024=06=14 17:11:08 INFO  CommonFunctions:170 - Launching chrome
2024=06=14 17:11:10 INFO  CommonFunctions:179 - Navigating to Dimension
2024=06=14 17:11:11 INFO  LoginToDimension:25 - Login Function With Valid Credentials
2024=06=14 17:11:11 INFO  CommonFunctions:114 - Logging to the Dimension Application
2024=06=14 17:11:12 INFO  WorkcenterOrder:22 - Navigated to Workcenter Order
2024=06=14 17:11:23 INFO  WorkcenterOrder:30 - Workcenter objects initialized
2024=06=14 17:11:24 INFO  WorkcenterOrder:35 - Order number entered and order details are loaded
2024=06=14 17:11:24 INFO  OrderDetails:23 - Navigated to Order Details Screen
2024=06=14 17:11:27 INFO  OrderDetails:33 - Moved to Process Actions
2024=06=14 17:11:27 INFO  SubConBooking:89 - Navigated to SubContractor Booking Screen
2024=06=14 17:11:28 INFO  SubConBooking:35 - Entering Remarks
2024=06=14 17:11:28 INFO  CommonFunctions:187 - Logging out from the Dimension
2024=06=14 17:11:35 INFO  CommonFunctions:127 - Navigated to Setting Link
2024=06=14 17:11:35 INFO  CommonFunctions:129 - Logout button clicked
2024=06=14 17:11:35 INFO  CommonFunctions:189 - Execution done and closing the browser
2024=06=14 17:23:51 INFO  CommonFunctions:160 - Loading the Property File
2024=06=14 17:23:51 INFO  CommonFunctions:97 - Into the Load Property File functions
2024=06=14 17:23:51 INFO  CommonFunctions:98 - Reading Load Property File 
2024=06=14 17:23:51 INFO  CommonFunctions:100 - Read Load Property File
2024=06=14 17:23:51 INFO  CommonFunctions:162 - Property File loaded successfully
2024=06=14 17:23:51 INFO  CommonFunctions:166 - Browser is :chrome
2024=06=14 17:23:51 INFO  CommonFunctions:167 - URL is :http://192.168.2.165/dimensiontest/frm_login.aspx
2024=06=14 17:23:51 INFO  CommonFunctions:170 - Launching chrome
2024=06=14 17:23:53 INFO  CommonFunctions:179 - Navigating to Dimension
2024=06=14 17:23:54 INFO  LoginToDimension:25 - Login Function With Valid Credentials
2024=06=14 17:23:54 INFO  CommonFunctions:114 - Logging to the Dimension Application
2024=06=14 17:23:55 INFO  WorkcenterOrder:22 - Navigated to Workcenter Order
2024=06=14 17:24:03 INFO  WorkcenterOrder:30 - Workcenter objects initialized
2024=06=14 17:24:04 INFO  WorkcenterOrder:35 - Order number entered and order details are loaded
2024=06=14 17:24:04 INFO  OrderDetails:23 - Navigated to Order Details Screen
2024=06=14 17:24:07 INFO  OrderDetails:33 - Moved to Process Actions
2024=06=14 17:24:08 INFO  SubConBooking:89 - Navigated to SubContractor Booking Screen
2024=06=14 17:24:09 INFO  SubConBooking:35 - Entering Remarks
2024=06=14 17:24:09 INFO  SubConBooking:40 - Remarks entered successfully
2024=06=14 17:24:09 INFO  SubConBooking:43 - Add Subcontrator Booking button Clicked
2024=06=14 17:24:09 INFO  SubConBooking:49 - Subcontrator number entered
2024=06=14 17:24:14 INFO  SubConBooking:55 - Knitting of panel Checkbox clicked
2024=06=14 17:24:15 INFO  SubConBooking:62 - SubCon booking Saved successfully
2024=06=14 17:24:20 INFO  SubConBooking:75 - Subcontractor Booking number 
2024=06=14 17:24:21 INFO  CommonFunctions:187 - Logging out from the Dimension
2024=06=14 17:24:21 INFO  CommonFunctions:127 - Navigated to Setting Link
2024=06=14 17:24:21 INFO  CommonFunctions:129 - Logout button clicked
2024=06=14 17:24:21 INFO  CommonFunctions:189 - Execution done and closing the browser
